#
# A fatal error has been detected by the Java Runtime Environment:
#
#  EXCEPTION_ACCESS_VIOLATION (0xc0000005) at pc=0x00007ffd987aa358, pid=23320, tid=8444
#
# JRE version: Java(TM) SE Runtime Environment (16.0.2+7) (build 16.0.2+7-67)
# Java VM: Java HotSpot(TM) 64-Bit Server VM (16.0.2+7-67, mixed mode, sharing, tiered, compressed oops, compressed class ptrs, g1 gc, windows-amd64)
# Problematic frame:
# V  [jvm.dll+0x23a358]
#
# No core dump will be written. Minidumps are not enabled by default on client versions of Windows
#
# If you would like to submit a bug report, please visit:
#   https://bugreport.java.com/bugreport/crash.jsp
#

---------------  S U M M A R Y ------------

Command Line: -XX:+ShowCodeDetailsInExceptionMessages -agentlib:jdwp=transport=dt_socket,suspend=y,address=localhost:56594 -javaagent:C:\Users\skonark\eclipse\jee-2021-06\eclipse\configuration\org.eclipse.osgi\415\0\.cp\lib\javaagent-shaded.jar -Dfile.encoding=Cp1252 --module-path=C:\Users\skonark\eclipse-workspace\srini-java\bin -Djdk.module.main=javastudy javastudy/datastracture.string.StringExpand

Host: Intel(R) Core(TM) i5-8365U CPU @ 1.60GHz, 8 cores, 15G,  Windows 10 , 64 bit Build 19041 (10.0.19041.1023)
Time: Wed Aug  4 17:40:13 2021 India Standard Time elapsed time: 880.815554 seconds (0d 0h 14m 40s)

---------------  T H R E A D  ---------------

Current thread (0x000001f0ffcb3e40):  VMThread "VM Thread" [stack: 0x000000cf4c400000,0x000000cf4c500000] [id=8444]

Stack: [0x000000cf4c400000,0x000000cf4c500000],  sp=0x000000cf4c4febc8,  free space=1018k
Native frames: (J=compiled Java code, j=interpreted, Vv=VM code, C=native code)
V  [jvm.dll+0x23a358]


siginfo: EXCEPTION_ACCESS_VIOLATION (0xc0000005), reading address 0x000001f0975d0530


Register to memory mapping:

RIP=0x00007ffd987aa358 jvm.dll
RAX=0x0000000000194120 is an unknown value
RBX=0x000001f09743bd98 is pointing into metadata
RCX=0x000001f09743c410 is pointing into metadata
RDX=0x000000000000ca08 is an unknown value
RSP=0x000000cf4c4febc8 points into unknown readable memory: 0x00007ffd987aa3de | de a3 7a 98 fd 7f 00 00
RBP=0x000000cf4c4fed00 points into unknown readable memory: 0xffffffffffffffff | ff ff ff ff ff ff ff ff
RSI=0x0 is NULL
RDI=0x000000cf4c4ff310 points into unknown readable memory: 0x00007ffd98ea2208 | 08 22 ea 98 fd 7f 00 00
R8 =0x0 is NULL
R9 =0x000001f09743bd98 is pointing into metadata
R10=0x000000cf4c4ff310 points into unknown readable memory: 0x00007ffd98ea2208 | 08 22 ea 98 fd 7f 00 00
R11={method} {0x000001f09743c358} 'main' '([Ljava/lang/String;)V' in 'datastracture/string/StringExpand'
R12=0x00007ffd98570000 jvm.dll
R13=0x000001f0979c8620 points into unknown readable memory: 0x0000007a13b0ca00 | 00 ca b0 13 7a 00 00 00
R14=0x000001f09743c2b7 is pointing into metadata
R15=0x0000000000000093 is an unknown value


Registers:
RAX=0x0000000000194120, RBX=0x000001f09743bd98, RCX=0x000001f09743c410, RDX=0x000000000000ca08
RSP=0x000000cf4c4febc8, RBP=0x000000cf4c4fed00, RSI=0x0000000000000000, RDI=0x000000cf4c4ff310
R8 =0x0000000000000000, R9 =0x000001f09743bd98, R10=0x000000cf4c4ff310, R11=0x000001f09743c350
R12=0x00007ffd98570000, R13=0x000001f0979c8620, R14=0x000001f09743c2b7, R15=0x0000000000000093
RIP=0x00007ffd987aa358, EFLAGS=0x0000000000010202

Top of Stack: (sp=0x000000cf4c4febc8)
0x000000cf4c4febc8:   00007ffd987aa3de 000000cf4c4fec58
0x000000cf4c4febd8:   0000000000000000 0000000800410068
0x000000cf4c4febe8:   0000000000000000 000000cf4c4ff180
0x000000cf4c4febf8:   00007ffd9889cf44 0000000000000000
0x000000cf4c4fec08:   0000000000000000 0000000000000000
0x000000cf4c4fec18:   0000000000000000 0000000000000000
0x000000cf4c4fec28:   0000000000000000 00000008004168c0
0x000000cf4c4fec38:   00007ffd0000000c 0000000000000000
0x000000cf4c4fec48:   000000cf4c4feca0 0000000000000001
0x000000cf4c4fec58:   00000008004168c0 0000001400000002
0x000000cf4c4fec68:   0000000000000014 000000030000000c
0x000000cf4c4fec78:   0000000800410068 0000000000000000
0x000000cf4c4fec88:   000000004600008c 000000cf4c4ff3e0
0x000000cf4c4fec98:   00007ffd98c54fb2 4fffffff4fffffff
0x000000cf4c4feca8:   00007ffd4fffffff 0000000000000000
0x000000cf4c4fecb8:   0000000000000000 0000000000000000 

Instructions: (pc=0x00007ffd987aa358)
0x00007ffd987aa258:   03 03 03 03 03 03 03 03 03 03 03 03 03 03 03 03
0x00007ffd987aa268:   03 03 03 03 03 03 03 03 03 03 03 03 03 03 03 03
0x00007ffd987aa278:   03 03 03 03 03 03 03 03 03 03 03 03 03 03 03 03
0x00007ffd987aa288:   03 03 03 03 03 03 03 03 03 03 03 03 03 03 03 03
0x00007ffd987aa298:   03 03 03 02 03 03 02 cc 48 89 5c 24 08 48 89 74
0x00007ffd987aa2a8:   24 10 57 48 83 ec 20 48 63 da 41 0f b6 f0 48 8b
0x00007ffd987aa2b8:   f9 85 d2 79 24 4c 8d 0d 0c 95 69 00 ba b4 02 00
0x00007ffd987aa2c8:   00 4c 8d 05 38 95 69 00 48 8d 0d a1 94 69 00 e8
0x00007ffd987aa2d8:   64 88 00 00 e8 5f da 42 00 40 84 f6 75 18 48 8b
0x00007ffd987aa2e8:   4f 10 48 85 c9 74 0f 48 8d 43 01 48 c1 e0 05 48
0x00007ffd987aa2f8:   8b 04 08 0f b7 d8 48 8b 74 24 38 48 63 c3 48 8b
0x00007ffd987aa308:   5c 24 30 0f b7 44 c7 48 48 83 c4 20 5f c3 cc cc
0x00007ffd987aa318:   cc cc cc cc cc cc cc cc 4c 8b c9 45 84 c0 75 41
0x00007ffd987aa328:   48 8b 49 10 48 85 c9 74 38 85 d2 79 19 f7 d2 8b
0x00007ffd987aa338:   c2 48 ff c0 48 c1 e0 05 48 8b 04 08 0f b7 c8 41
0x00007ffd987aa348:   0f b7 44 c9 4a c3 48 63 c2 48 ff c0 48 c1 e0 05
0x00007ffd987aa358:   48 8b 04 08 0f b7 d0 48 63 c2 41 0f b7 44 c1 4a
0x00007ffd987aa368:   c3 49 8b 41 08 4c 63 c2 42 0f b6 44 00 04 8d 48
0x00007ffd987aa378:   ef 80 f9 01 76 0e 3c 6a 74 0a 48 63 c2 41 0f b7
0x00007ffd987aa388:   44 c1 4a c3 43 0f b7 44 c1 4a c3 cc cc cc cc cc
0x00007ffd987aa398:   cc cc cc cc cc cc cc cc 40 53 48 83 ec 20 48 8b
0x00007ffd987aa3a8:   d9 e8 72 ff ff ff 48 63 d0 0f b7 44 d3 48 48 8b
0x00007ffd987aa3b8:   44 c3 48 48 83 c4 20 5b c3 cc cc cc cc cc cc cc
0x00007ffd987aa3c8:   cc cc cc cc cc cc cc cc 40 53 48 83 ec 20 48 8b
0x00007ffd987aa3d8:   d9 e8 42 ff ff ff 48 63 d0 0f b7 44 d3 4a 48 8b
0x00007ffd987aa3e8:   44 c3 48 48 83 c4 20 5b c3 cc cc cc cc cc cc cc
0x00007ffd987aa3f8:   cc cc cc cc cc cc cc cc 4c 8b d1 45 84 c9 75 28
0x00007ffd987aa408:   4c 8b 49 10 4d 85 c9 74 1f 45 85 c0 79 08 41 f7
0x00007ffd987aa418:   d0 41 8b c0 eb 03 49 63 c0 48 ff c0 48 c1 e0 05
0x00007ffd987aa428:   4a 8b 04 08 44 0f b7 c0 49 8b 42 08 49 63 c8 0f
0x00007ffd987aa438:   b6 4c 08 04 48 8b c2 88 0a c3 cc cc cc cc cc cc
0x00007ffd987aa448:   cc cc cc cc cc cc cc cc 40 56 57 41 54 41 56 41 


Stack slot to memory mapping:
stack at sp + 0 slots: 0x00007ffd987aa3de jvm.dll
stack at sp + 1 slots: 0x000000cf4c4fec58 points into unknown readable memory: 0x00000008004168c0 | c0 68 41 00 08 00 00 00
stack at sp + 2 slots: 0x0 is NULL
stack at sp + 3 slots: 0x0000000800410068 is pointing into metadata
stack at sp + 4 slots: 0x0 is NULL
stack at sp + 5 slots: 0x000000cf4c4ff180 points into unknown readable memory: 0x000001f09743c350 | 50 c3 43 97 f0 01 00 00
stack at sp + 6 slots: 0x00007ffd9889cf44 jvm.dll
stack at sp + 7 slots: 0x0 is NULL

VM_Operation (0x000000cf4cfff730): get/set locals, mode: safepoint, requested by thread 0x000001f09798eae0


---------------  P R O C E S S  ---------------

Threads class SMR info:
_java_thread_list=0x000001f097aad830, length=15, elements={
0x000001f0f3ffc990, 0x000001f0ffcb7530, 0x000001f0ffcbaab0, 0x000001f0ffcce960,
0x000001f0ffccced0, 0x000001f0ffcceeb0, 0x000001f0ffccbee0, 0x000001f0ffcddeb0,
0x000001f0ffce1c20, 0x000001f0ffcf7970, 0x000001f0ffccd420, 0x000001f09798eae0,
0x000001f097a18a90, 0x000001f097976f60, 0x000001f0ffcce410
}

Java Threads: ( => current thread )
  0x000001f0f3ffc990 JavaThread "main" [_thread_blocked, id=12972, stack(0x000000cf4be00000,0x000000cf4bf00000)]
  0x000001f0ffcb7530 JavaThread "Reference Handler" daemon [_thread_blocked, id=17388, stack(0x000000cf4c500000,0x000000cf4c600000)]
  0x000001f0ffcbaab0 JavaThread "Finalizer" daemon [_thread_blocked, id=10476, stack(0x000000cf4c600000,0x000000cf4c700000)]
  0x000001f0ffcce960 JavaThread "Signal Dispatcher" daemon [_thread_blocked, id=20048, stack(0x000000cf4c700000,0x000000cf4c800000)]
  0x000001f0ffccced0 JavaThread "Attach Listener" daemon [_thread_blocked, id=15268, stack(0x000000cf4c800000,0x000000cf4c900000)]
  0x000001f0ffcceeb0 JavaThread "Service Thread" daemon [_thread_blocked, id=14552, stack(0x000000cf4c900000,0x000000cf4ca00000)]
  0x000001f0ffccbee0 JavaThread "Monitor Deflation Thread" daemon [_thread_blocked, id=12604, stack(0x000000cf4ca00000,0x000000cf4cb00000)]
  0x000001f0ffcddeb0 JavaThread "C2 CompilerThread0" daemon [_thread_blocked, id=16128, stack(0x000000cf4cb00000,0x000000cf4cc00000)]
  0x000001f0ffce1c20 JavaThread "C1 CompilerThread0" daemon [_thread_blocked, id=15816, stack(0x000000cf4cc00000,0x000000cf4cd00000)]
  0x000001f0ffcf7970 JavaThread "Sweeper thread" daemon [_thread_blocked, id=9588, stack(0x000000cf4cd00000,0x000000cf4ce00000)]
  0x000001f0ffccd420 JavaThread "Common-Cleaner" daemon [_thread_blocked, id=19512, stack(0x000000cf4ce00000,0x000000cf4cf00000)]
  0x000001f09798eae0 JavaThread "JDWP Transport Listener: dt_socket" daemon [_thread_blocked, id=16020, stack(0x000000cf4cf00000,0x000000cf4d000000)]
  0x000001f097a18a90 JavaThread "JDWP Event Helper Thread" daemon [_thread_blocked, id=11836, stack(0x000000cf4d000000,0x000000cf4d100000)]
  0x000001f097976f60 JavaThread "JDWP Command Reader" daemon [_thread_in_native, id=9240, stack(0x000000cf4d100000,0x000000cf4d200000)]
  0x000001f0ffcce410 JavaThread "Notification Thread" daemon [_thread_blocked, id=20552, stack(0x000000cf4d200000,0x000000cf4d300000)]

Other Threads:
=>0x000001f0ffcb3e40 VMThread "VM Thread" [stack: 0x000000cf4c400000,0x000000cf4c500000] [id=8444]
  0x000001f0f3ffd920 WatcherThread [stack: 0x000000cf4d300000,0x000000cf4d400000] [id=22540]
  0x000001f0f404b5d0 GCTaskThread "GC Thread#0" [stack: 0x000000cf4bf00000,0x000000cf4c000000] [id=18508]
  0x000001f0f405d1c0 ConcurrentGCThread "G1 Main Marker" [stack: 0x000000cf4c000000,0x000000cf4c100000] [id=7956]
  0x000001f0f405e2e0 ConcurrentGCThread "G1 Conc#0" [stack: 0x000000cf4c100000,0x000000cf4c200000] [id=3948]
  0x000001f0ffb720c0 ConcurrentGCThread "G1 Refine#0" [stack: 0x000000cf4c200000,0x000000cf4c300000] [id=11740]
  0x000001f0ffb72a50 ConcurrentGCThread "G1 Service" [stack: 0x000000cf4c300000,0x000000cf4c400000] [id=11132]

Threads with active compile tasks:

VM state: at safepoint (normal execution)

VM Mutex/Monitor currently owned by a thread:  ([mutex/lock_event])
[0x000001f0f3ff7ef0] Threads_lock - owner thread: 0x000001f0ffcb3e40

Heap address: 0x0000000703e00000, size: 4034 MB, Compressed Oops mode: Zero based, Oop shift amount: 3

CDS archive(s) mapped at: [0x0000000800000000-0x0000000800bb0000-0x0000000800bb0000), size 12255232, SharedBaseAddress: 0x0000000800000000, ArchiveRelocationMode: 0.
Compressed class space mapped at: 0x0000000800c00000-0x0000000840c00000, reserved size: 1073741824
Narrow klass base: 0x0000000800000000, Narrow klass shift: 3, Narrow klass range: 0x100000000

GC Precious Log:
 CPUs: 8 total, 8 available
 Memory: 16133M
 Large Page Support: Disabled
 NUMA Support: Disabled
 Compressed Oops: Enabled (Zero based)
 Heap Region Size: 2M
 Heap Min Capacity: 8M
 Heap Initial Capacity: 254M
 Heap Max Capacity: 4034M
 Pre-touch: Disabled
 Parallel Workers: 8
 Concurrent Workers: 2
 Concurrent Refinement Workers: 8
 Periodic GC: Disabled

Heap:
 garbage-first heap   total 260096K, used 4096K [0x0000000703e00000, 0x0000000800000000)
  region size 2048K, 3 young (6144K), 0 survivors (0K)
 Metaspace       used 2891K, committed 3008K, reserved 1056768K
  class space    used 263K, committed 320K, reserved 1048576K

Heap Regions: E=young(eden), S=young(survivor), O=old, HS=humongous(starts), HC=humongous(continues), CS=collection set, F=free, OA=open archive, CA=closed archive, TAMS=top-at-mark-start (previous, next)
|   0|0x0000000703e00000, 0x0000000703e00000, 0x0000000704000000|  0%| F|  |TAMS 0x0000000703e00000, 0x0000000703e00000| Untracked 
|   1|0x0000000704000000, 0x0000000704000000, 0x0000000704200000|  0%| F|  |TAMS 0x0000000704000000, 0x0000000704000000| Untracked 
|   2|0x0000000704200000, 0x0000000704200000, 0x0000000704400000|  0%| F|  |TAMS 0x0000000704200000, 0x0000000704200000| Untracked 
|   3|0x0000000704400000, 0x0000000704400000, 0x0000000704600000|  0%| F|  |TAMS 0x0000000704400000, 0x0000000704400000| Untracked 
|   4|0x0000000704600000, 0x0000000704600000, 0x0000000704800000|  0%| F|  |TAMS 0x0000000704600000, 0x0000000704600000| Untracked 
|   5|0x0000000704800000, 0x0000000704800000, 0x0000000704a00000|  0%| F|  |TAMS 0x0000000704800000, 0x0000000704800000| Untracked 
|   6|0x0000000704a00000, 0x0000000704a00000, 0x0000000704c00000|  0%| F|  |TAMS 0x0000000704a00000, 0x0000000704a00000| Untracked 
|   7|0x0000000704c00000, 0x0000000704c00000, 0x0000000704e00000|  0%| F|  |TAMS 0x0000000704c00000, 0x0000000704c00000| Untracked 
|   8|0x0000000704e00000, 0x0000000704e00000, 0x0000000705000000|  0%| F|  |TAMS 0x0000000704e00000, 0x0000000704e00000| Untracked 
|   9|0x0000000705000000, 0x0000000705000000, 0x0000000705200000|  0%| F|  |TAMS 0x0000000705000000, 0x0000000705000000| Untracked 
|  10|0x0000000705200000, 0x0000000705200000, 0x0000000705400000|  0%| F|  |TAMS 0x0000000705200000, 0x0000000705200000| Untracked 
|  11|0x0000000705400000, 0x0000000705400000, 0x0000000705600000|  0%| F|  |TAMS 0x0000000705400000, 0x0000000705400000| Untracked 
|  12|0x0000000705600000, 0x0000000705600000, 0x0000000705800000|  0%| F|  |TAMS 0x0000000705600000, 0x0000000705600000| Untracked 
|  13|0x0000000705800000, 0x0000000705800000, 0x0000000705a00000|  0%| F|  |TAMS 0x0000000705800000, 0x0000000705800000| Untracked 
|  14|0x0000000705a00000, 0x0000000705a00000, 0x0000000705c00000|  0%| F|  |TAMS 0x0000000705a00000, 0x0000000705a00000| Untracked 
|  15|0x0000000705c00000, 0x0000000705c00000, 0x0000000705e00000|  0%| F|  |TAMS 0x0000000705c00000, 0x0000000705c00000| Untracked 
|  16|0x0000000705e00000, 0x0000000705e00000, 0x0000000706000000|  0%| F|  |TAMS 0x0000000705e00000, 0x0000000705e00000| Untracked 
|  17|0x0000000706000000, 0x0000000706000000, 0x0000000706200000|  0%| F|  |TAMS 0x0000000706000000, 0x0000000706000000| Untracked 
|  18|0x0000000706200000, 0x0000000706200000, 0x0000000706400000|  0%| F|  |TAMS 0x0000000706200000, 0x0000000706200000| Untracked 
|  19|0x0000000706400000, 0x0000000706400000, 0x0000000706600000|  0%| F|  |TAMS 0x0000000706400000, 0x0000000706400000| Untracked 
|  20|0x0000000706600000, 0x0000000706600000, 0x0000000706800000|  0%| F|  |TAMS 0x0000000706600000, 0x0000000706600000| Untracked 
|  21|0x0000000706800000, 0x0000000706800000, 0x0000000706a00000|  0%| F|  |TAMS 0x0000000706800000, 0x0000000706800000| Untracked 
|  22|0x0000000706a00000, 0x0000000706a00000, 0x0000000706c00000|  0%| F|  |TAMS 0x0000000706a00000, 0x0000000706a00000| Untracked 
|  23|0x0000000706c00000, 0x0000000706c00000, 0x0000000706e00000|  0%| F|  |TAMS 0x0000000706c00000, 0x0000000706c00000| Untracked 
|  24|0x0000000706e00000, 0x0000000706e00000, 0x0000000707000000|  0%| F|  |TAMS 0x0000000706e00000, 0x0000000706e00000| Untracked 
|  25|0x0000000707000000, 0x0000000707000000, 0x0000000707200000|  0%| F|  |TAMS 0x0000000707000000, 0x0000000707000000| Untracked 
|  26|0x0000000707200000, 0x0000000707200000, 0x0000000707400000|  0%| F|  |TAMS 0x0000000707200000, 0x0000000707200000| Untracked 
|  27|0x0000000707400000, 0x0000000707400000, 0x0000000707600000|  0%| F|  |TAMS 0x0000000707400000, 0x0000000707400000| Untracked 
|  28|0x0000000707600000, 0x0000000707600000, 0x0000000707800000|  0%| F|  |TAMS 0x0000000707600000, 0x0000000707600000| Untracked 
|  29|0x0000000707800000, 0x0000000707800000, 0x0000000707a00000|  0%| F|  |TAMS 0x0000000707800000, 0x0000000707800000| Untracked 
|  30|0x0000000707a00000, 0x0000000707a00000, 0x0000000707c00000|  0%| F|  |TAMS 0x0000000707a00000, 0x0000000707a00000| Untracked 
|  31|0x0000000707c00000, 0x0000000707c00000, 0x0000000707e00000|  0%| F|  |TAMS 0x0000000707c00000, 0x0000000707c00000| Untracked 
|  32|0x0000000707e00000, 0x0000000707e00000, 0x0000000708000000|  0%| F|  |TAMS 0x0000000707e00000, 0x0000000707e00000| Untracked 
|  33|0x0000000708000000, 0x0000000708000000, 0x0000000708200000|  0%| F|  |TAMS 0x0000000708000000, 0x0000000708000000| Untracked 
|  34|0x0000000708200000, 0x0000000708200000, 0x0000000708400000|  0%| F|  |TAMS 0x0000000708200000, 0x0000000708200000| Untracked 
|  35|0x0000000708400000, 0x0000000708400000, 0x0000000708600000|  0%| F|  |TAMS 0x0000000708400000, 0x0000000708400000| Untracked 
|  36|0x0000000708600000, 0x0000000708600000, 0x0000000708800000|  0%| F|  |TAMS 0x0000000708600000, 0x0000000708600000| Untracked 
|  37|0x0000000708800000, 0x0000000708800000, 0x0000000708a00000|  0%| F|  |TAMS 0x0000000708800000, 0x0000000708800000| Untracked 
|  38|0x0000000708a00000, 0x0000000708a00000, 0x0000000708c00000|  0%| F|  |TAMS 0x0000000708a00000, 0x0000000708a00000| Untracked 
|  39|0x0000000708c00000, 0x0000000708c00000, 0x0000000708e00000|  0%| F|  |TAMS 0x0000000708c00000, 0x0000000708c00000| Untracked 
|  40|0x0000000708e00000, 0x0000000708e00000, 0x0000000709000000|  0%| F|  |TAMS 0x0000000708e00000, 0x0000000708e00000| Untracked 
|  41|0x0000000709000000, 0x0000000709000000, 0x0000000709200000|  0%| F|  |TAMS 0x0000000709000000, 0x0000000709000000| Untracked 
|  42|0x0000000709200000, 0x0000000709200000, 0x0000000709400000|  0%| F|  |TAMS 0x0000000709200000, 0x0000000709200000| Untracked 
|  43|0x0000000709400000, 0x0000000709400000, 0x0000000709600000|  0%| F|  |TAMS 0x0000000709400000, 0x0000000709400000| Untracked 
|  44|0x0000000709600000, 0x0000000709600000, 0x0000000709800000|  0%| F|  |TAMS 0x0000000709600000, 0x0000000709600000| Untracked 
|  45|0x0000000709800000, 0x0000000709800000, 0x0000000709a00000|  0%| F|  |TAMS 0x0000000709800000, 0x0000000709800000| Untracked 
|  46|0x0000000709a00000, 0x0000000709a00000, 0x0000000709c00000|  0%| F|  |TAMS 0x0000000709a00000, 0x0000000709a00000| Untracked 
|  47|0x0000000709c00000, 0x0000000709c00000, 0x0000000709e00000|  0%| F|  |TAMS 0x0000000709c00000, 0x0000000709c00000| Untracked 
|  48|0x0000000709e00000, 0x0000000709e00000, 0x000000070a000000|  0%| F|  |TAMS 0x0000000709e00000, 0x0000000709e00000| Untracked 
|  49|0x000000070a000000, 0x000000070a000000, 0x000000070a200000|  0%| F|  |TAMS 0x000000070a000000, 0x000000070a000000| Untracked 
|  50|0x000000070a200000, 0x000000070a200000, 0x000000070a400000|  0%| F|  |TAMS 0x000000070a200000, 0x000000070a200000| Untracked 
|  51|0x000000070a400000, 0x000000070a400000, 0x000000070a600000|  0%| F|  |TAMS 0x000000070a400000, 0x000000070a400000| Untracked 
|  52|0x000000070a600000, 0x000000070a600000, 0x000000070a800000|  0%| F|  |TAMS 0x000000070a600000, 0x000000070a600000| Untracked 
|  53|0x000000070a800000, 0x000000070a800000, 0x000000070aa00000|  0%| F|  |TAMS 0x000000070a800000, 0x000000070a800000| Untracked 
|  54|0x000000070aa00000, 0x000000070aa00000, 0x000000070ac00000|  0%| F|  |TAMS 0x000000070aa00000, 0x000000070aa00000| Untracked 
|  55|0x000000070ac00000, 0x000000070ac00000, 0x000000070ae00000|  0%| F|  |TAMS 0x000000070ac00000, 0x000000070ac00000| Untracked 
|  56|0x000000070ae00000, 0x000000070ae00000, 0x000000070b000000|  0%| F|  |TAMS 0x000000070ae00000, 0x000000070ae00000| Untracked 
|  57|0x000000070b000000, 0x000000070b000000, 0x000000070b200000|  0%| F|  |TAMS 0x000000070b000000, 0x000000070b000000| Untracked 
|  58|0x000000070b200000, 0x000000070b200000, 0x000000070b400000|  0%| F|  |TAMS 0x000000070b200000, 0x000000070b200000| Untracked 
|  59|0x000000070b400000, 0x000000070b400000, 0x000000070b600000|  0%| F|  |TAMS 0x000000070b400000, 0x000000070b400000| Untracked 
|  60|0x000000070b600000, 0x000000070b600000, 0x000000070b800000|  0%| F|  |TAMS 0x000000070b600000, 0x000000070b600000| Untracked 
|  61|0x000000070b800000, 0x000000070b800000, 0x000000070ba00000|  0%| F|  |TAMS 0x000000070b800000, 0x000000070b800000| Untracked 
|  62|0x000000070ba00000, 0x000000070ba00000, 0x000000070bc00000|  0%| F|  |TAMS 0x000000070ba00000, 0x000000070ba00000| Untracked 
|  63|0x000000070bc00000, 0x000000070bc00000, 0x000000070be00000|  0%| F|  |TAMS 0x000000070bc00000, 0x000000070bc00000| Untracked 
|  64|0x000000070be00000, 0x000000070be00000, 0x000000070c000000|  0%| F|  |TAMS 0x000000070be00000, 0x000000070be00000| Untracked 
|  65|0x000000070c000000, 0x000000070c000000, 0x000000070c200000|  0%| F|  |TAMS 0x000000070c000000, 0x000000070c000000| Untracked 
|  66|0x000000070c200000, 0x000000070c200000, 0x000000070c400000|  0%| F|  |TAMS 0x000000070c200000, 0x000000070c200000| Untracked 
|  67|0x000000070c400000, 0x000000070c400000, 0x000000070c600000|  0%| F|  |TAMS 0x000000070c400000, 0x000000070c400000| Untracked 
|  68|0x000000070c600000, 0x000000070c600000, 0x000000070c800000|  0%| F|  |TAMS 0x000000070c600000, 0x000000070c600000| Untracked 
|  69|0x000000070c800000, 0x000000070c800000, 0x000000070ca00000|  0%| F|  |TAMS 0x000000070c800000, 0x000000070c800000| Untracked 
|  70|0x000000070ca00000, 0x000000070ca00000, 0x000000070cc00000|  0%| F|  |TAMS 0x000000070ca00000, 0x000000070ca00000| Untracked 
|  71|0x000000070cc00000, 0x000000070cc00000, 0x000000070ce00000|  0%| F|  |TAMS 0x000000070cc00000, 0x000000070cc00000| Untracked 
|  72|0x000000070ce00000, 0x000000070ce00000, 0x000000070d000000|  0%| F|  |TAMS 0x000000070ce00000, 0x000000070ce00000| Untracked 
|  73|0x000000070d000000, 0x000000070d000000, 0x000000070d200000|  0%| F|  |TAMS 0x000000070d000000, 0x000000070d000000| Untracked 
|  74|0x000000070d200000, 0x000000070d200000, 0x000000070d400000|  0%| F|  |TAMS 0x000000070d200000, 0x000000070d200000| Untracked 
|  75|0x000000070d400000, 0x000000070d400000, 0x000000070d600000|  0%| F|  |TAMS 0x000000070d400000, 0x000000070d400000| Untracked 
|  76|0x000000070d600000, 0x000000070d600000, 0x000000070d800000|  0%| F|  |TAMS 0x000000070d600000, 0x000000070d600000| Untracked 
|  77|0x000000070d800000, 0x000000070d800000, 0x000000070da00000|  0%| F|  |TAMS 0x000000070d800000, 0x000000070d800000| Untracked 
|  78|0x000000070da00000, 0x000000070da00000, 0x000000070dc00000|  0%| F|  |TAMS 0x000000070da00000, 0x000000070da00000| Untracked 
|  79|0x000000070dc00000, 0x000000070dc00000, 0x000000070de00000|  0%| F|  |TAMS 0x000000070dc00000, 0x000000070dc00000| Untracked 
|  80|0x000000070de00000, 0x000000070de00000, 0x000000070e000000|  0%| F|  |TAMS 0x000000070de00000, 0x000000070de00000| Untracked 
|  81|0x000000070e000000, 0x000000070e000000, 0x000000070e200000|  0%| F|  |TAMS 0x000000070e000000, 0x000000070e000000| Untracked 
|  82|0x000000070e200000, 0x000000070e200000, 0x000000070e400000|  0%| F|  |TAMS 0x000000070e200000, 0x000000070e200000| Untracked 
|  83|0x000000070e400000, 0x000000070e400000, 0x000000070e600000|  0%| F|  |TAMS 0x000000070e400000, 0x000000070e400000| Untracked 
|  84|0x000000070e600000, 0x000000070e600000, 0x000000070e800000|  0%| F|  |TAMS 0x000000070e600000, 0x000000070e600000| Untracked 
|  85|0x000000070e800000, 0x000000070e800000, 0x000000070ea00000|  0%| F|  |TAMS 0x000000070e800000, 0x000000070e800000| Untracked 
|  86|0x000000070ea00000, 0x000000070ea00000, 0x000000070ec00000|  0%| F|  |TAMS 0x000000070ea00000, 0x000000070ea00000| Untracked 
|  87|0x000000070ec00000, 0x000000070ec00000, 0x000000070ee00000|  0%| F|  |TAMS 0x000000070ec00000, 0x000000070ec00000| Untracked 
|  88|0x000000070ee00000, 0x000000070ee00000, 0x000000070f000000|  0%| F|  |TAMS 0x000000070ee00000, 0x000000070ee00000| Untracked 
|  89|0x000000070f000000, 0x000000070f000000, 0x000000070f200000|  0%| F|  |TAMS 0x000000070f000000, 0x000000070f000000| Untracked 
|  90|0x000000070f200000, 0x000000070f200000, 0x000000070f400000|  0%| F|  |TAMS 0x000000070f200000, 0x000000070f200000| Untracked 
|  91|0x000000070f400000, 0x000000070f400000, 0x000000070f600000|  0%| F|  |TAMS 0x000000070f400000, 0x000000070f400000| Untracked 
|  92|0x000000070f600000, 0x000000070f600000, 0x000000070f800000|  0%| F|  |TAMS 0x000000070f600000, 0x000000070f600000| Untracked 
|  93|0x000000070f800000, 0x000000070f800000, 0x000000070fa00000|  0%| F|  |TAMS 0x000000070f800000, 0x000000070f800000| Untracked 
|  94|0x000000070fa00000, 0x000000070fa00000, 0x000000070fc00000|  0%| F|  |TAMS 0x000000070fa00000, 0x000000070fa00000| Untracked 
|  95|0x000000070fc00000, 0x000000070fc00000, 0x000000070fe00000|  0%| F|  |TAMS 0x000000070fc00000, 0x000000070fc00000| Untracked 
|  96|0x000000070fe00000, 0x000000070fe00000, 0x0000000710000000|  0%| F|  |TAMS 0x000000070fe00000, 0x000000070fe00000| Untracked 
|  97|0x0000000710000000, 0x0000000710000000, 0x0000000710200000|  0%| F|  |TAMS 0x0000000710000000, 0x0000000710000000| Untracked 
|  98|0x0000000710200000, 0x0000000710200000, 0x0000000710400000|  0%| F|  |TAMS 0x0000000710200000, 0x0000000710200000| Untracked 
|  99|0x0000000710400000, 0x0000000710400000, 0x0000000710600000|  0%| F|  |TAMS 0x0000000710400000, 0x0000000710400000| Untracked 
| 100|0x0000000710600000, 0x0000000710600000, 0x0000000710800000|  0%| F|  |TAMS 0x0000000710600000, 0x0000000710600000| Untracked 
| 101|0x0000000710800000, 0x0000000710800000, 0x0000000710a00000|  0%| F|  |TAMS 0x0000000710800000, 0x0000000710800000| Untracked 
| 102|0x0000000710a00000, 0x0000000710a00000, 0x0000000710c00000|  0%| F|  |TAMS 0x0000000710a00000, 0x0000000710a00000| Untracked 
| 103|0x0000000710c00000, 0x0000000710c00000, 0x0000000710e00000|  0%| F|  |TAMS 0x0000000710c00000, 0x0000000710c00000| Untracked 
| 104|0x0000000710e00000, 0x0000000710e00000, 0x0000000711000000|  0%| F|  |TAMS 0x0000000710e00000, 0x0000000710e00000| Untracked 
| 105|0x0000000711000000, 0x0000000711000000, 0x0000000711200000|  0%| F|  |TAMS 0x0000000711000000, 0x0000000711000000| Untracked 
| 106|0x0000000711200000, 0x0000000711200000, 0x0000000711400000|  0%| F|  |TAMS 0x0000000711200000, 0x0000000711200000| Untracked 
| 107|0x0000000711400000, 0x0000000711400000, 0x0000000711600000|  0%| F|  |TAMS 0x0000000711400000, 0x0000000711400000| Untracked 
| 108|0x0000000711600000, 0x0000000711600000, 0x0000000711800000|  0%| F|  |TAMS 0x0000000711600000, 0x0000000711600000| Untracked 
| 109|0x0000000711800000, 0x0000000711800000, 0x0000000711a00000|  0%| F|  |TAMS 0x0000000711800000, 0x0000000711800000| Untracked 
| 110|0x0000000711a00000, 0x0000000711a00000, 0x0000000711c00000|  0%| F|  |TAMS 0x0000000711a00000, 0x0000000711a00000| Untracked 
| 111|0x0000000711c00000, 0x0000000711c00000, 0x0000000711e00000|  0%| F|  |TAMS 0x0000000711c00000, 0x0000000711c00000| Untracked 
| 112|0x0000000711e00000, 0x0000000711e00000, 0x0000000712000000|  0%| F|  |TAMS 0x0000000711e00000, 0x0000000711e00000| Untracked 
| 113|0x0000000712000000, 0x0000000712000000, 0x0000000712200000|  0%| F|  |TAMS 0x0000000712000000, 0x0000000712000000| Untracked 
| 114|0x0000000712200000, 0x0000000712200000, 0x0000000712400000|  0%| F|  |TAMS 0x0000000712200000, 0x0000000712200000| Untracked 
| 115|0x0000000712400000, 0x0000000712400000, 0x0000000712600000|  0%| F|  |TAMS 0x0000000712400000, 0x0000000712400000| Untracked 
| 116|0x0000000712600000, 0x0000000712600000, 0x0000000712800000|  0%| F|  |TAMS 0x0000000712600000, 0x0000000712600000| Untracked 
| 117|0x0000000712800000, 0x0000000712800000, 0x0000000712a00000|  0%| F|  |TAMS 0x0000000712800000, 0x0000000712800000| Untracked 
| 118|0x0000000712a00000, 0x0000000712a00000, 0x0000000712c00000|  0%| F|  |TAMS 0x0000000712a00000, 0x0000000712a00000| Untracked 
| 119|0x0000000712c00000, 0x0000000712c00000, 0x0000000712e00000|  0%| F|  |TAMS 0x0000000712c00000, 0x0000000712c00000| Untracked 
| 120|0x0000000712e00000, 0x0000000712e00000, 0x0000000713000000|  0%| F|  |TAMS 0x0000000712e00000, 0x0000000712e00000| Untracked 
| 121|0x0000000713000000, 0x0000000713000000, 0x0000000713200000|  0%| F|  |TAMS 0x0000000713000000, 0x0000000713000000| Untracked 
| 122|0x0000000713200000, 0x0000000713200000, 0x0000000713400000|  0%| F|  |TAMS 0x0000000713200000, 0x0000000713200000| Untracked 
| 123|0x0000000713400000, 0x0000000713400000, 0x0000000713600000|  0%| F|  |TAMS 0x0000000713400000, 0x0000000713400000| Untracked 
| 124|0x0000000713600000, 0x000000071378d648, 0x0000000713800000| 77%| E|  |TAMS 0x0000000713600000, 0x0000000713600000| Complete 
| 125|0x0000000713800000, 0x0000000713a00000, 0x0000000713a00000|100%| E|CS|TAMS 0x0000000713800000, 0x0000000713800000| Complete 
| 126|0x0000000713a00000, 0x0000000713c00000, 0x0000000713c00000|100%| E|CS|TAMS 0x0000000713a00000, 0x0000000713a00000| Complete 

Card table byte_map: [0x000001f0fc2a0000,0x000001f0fca90000] _byte_map_base: 0x000001f0f8a81000

Marking Bits (Prev, Next): (CMBitMap*) 0x000001f0f404bbd0, (CMBitMap*) 0x000001f0f404bc10
 Prev Bits: [0x000001f08f000000, 0x000001f092f08000)
 Next Bits: [0x000001f092f10000, 0x000001f096e18000)

Polling page: 0x000001f0f1f20000

Metaspace:

Usage:
  Non-class:      2.57 MB used.
      Class:    263.72 KB used.
       Both:      2.82 MB used.

Virtual space:
  Non-class space:        8.00 MB reserved,       2.62 MB ( 33%) committed,  1 nodes.
      Class space:        1.00 GB reserved,     320.00 KB ( <1%) committed,  1 nodes.
              Both:        1.01 GB reserved,       2.94 MB ( <1%) committed. 

Chunk freelists:
   Non-Class:  3.75 MB
       Class:  3.72 MB
        Both:  7.47 MB

MaxMetaspaceSize: 17179869184.00 GB
CompressedClassSpaceSize: 1.00 GB
 - commit_granule_bytes: 65536.
 - commit_granule_words: 8192.
 - virtual_space_node_default_size: 1048576.
 - enlarge_chunks_in_place: 1.
 - new_chunks_are_fully_committed: 0.
 - uncommit_free_chunks: 1.
 - use_allocation_guard: 0.
 - handle_deallocations: 1.


Internal statistics:

num_allocs_failed_limit: 0.
num_arena_births: 14.
num_arena_deaths: 0.
num_vsnodes_births: 2.
num_vsnodes_deaths: 0.
num_space_committed: 47.
num_space_uncommitted: 0.
num_chunks_returned_to_freelist: 0.
num_chunks_taken_from_freelist: 34.
num_chunk_merges: 0.
num_chunk_splits: 20.
num_chunks_enlarged: 14.
num_purges: 0.

CodeHeap 'non-profiled nmethods': size=120000Kb used=117Kb max_used=117Kb free=119882Kb
 bounds [0x000001f087ad0000, 0x000001f087d40000, 0x000001f08f000000]
CodeHeap 'profiled nmethods': size=120000Kb used=556Kb max_used=556Kb free=119444Kb
 bounds [0x000001f0805a0000, 0x000001f080810000, 0x000001f087ad0000]
CodeHeap 'non-nmethods': size=5760Kb used=1214Kb max_used=1232Kb free=4545Kb
 bounds [0x000001f080000000, 0x000001f080270000, 0x000001f0805a0000]
 total_blobs=810 nmethods=386 adapters=337
 compilation: enabled
              stopped_count=0, restarted_count=0
 full_count=0

Compilation events (20 events):
Event: 0.211 Thread 0x000001f0ffce1c20 nmethod 379 0x000001f080627990 code [0x000001f080627c20, 0x000001f080628a48]
Event: 0.211 Thread 0x000001f0ffce1c20  381       3       java.lang.StringConcatHelper::stringOf (20 bytes)
Event: 0.211 Thread 0x000001f0ffce1c20 nmethod 381 0x000001f080628f10 code [0x000001f0806290c0, 0x000001f080629308]
Event: 0.211 Thread 0x000001f0ffce1c20  382       3       java.lang.StringConcatHelper::mix (27 bytes)
Event: 0.212 Thread 0x000001f0ffce1c20 nmethod 382 0x000001f080629410 code [0x000001f080629600, 0x000001f080629a48]
Event: 0.214 Thread 0x000001f0ffcddeb0 nmethod 364 0x000001f087aeb910 code [0x000001f087aebac0, 0x000001f087aecad8]
Event: 0.214 Thread 0x000001f0ffcddeb0  360       4       java.lang.StringLatin1::newString (24 bytes)
Event: 0.218 Thread 0x000001f0ffcddeb0 nmethod 360 0x000001f087aecd10 code [0x000001f087aecea0, 0x000001f087aed2b8]
Event: 768.324 Thread 0x000001f0ffce1c20  383       3       org.eclipse.jdt.launching.internal.org.objectweb.asm.ClassReader::readUnsignedShort (26 bytes)
Event: 768.324 Thread 0x000001f0ffce1c20 nmethod 383 0x000001f080629c10 code [0x000001f080629dc0, 0x000001f080629f38]
Event: 768.324 Thread 0x000001f0ffce1c20  384       3       org.eclipse.jdt.launching.internal.org.objectweb.asm.ClassReader::readUtf (44 bytes)
Event: 768.327 Thread 0x000001f0ffce1c20 

Event: 768.327 Thread 0x000001f0ffce1c20  385       3       java.lang.String::<init> (74 bytes)
Event: 768.328 Thread 0x000001f0ffce1c20 nmethod 385 0x000001f08062a010 code [0x000001f08062a200, 0x000001f08062a638]
Event: 876.395 Thread 0x000001f0ffce1c20  386       3       org.eclipse.jdt.launching.internal.org.objectweb.asm.ClassReader::getItem (7 bytes)
Event: 876.395 Thread 0x000001f0ffce1c20 nmethod 386 0x000001f08062a790 code [0x000001f08062a920, 0x000001f08062aa58]
Event: 876.395 Thread 0x000001f0ffce1c20  388       3       org.eclipse.jdt.launching.internal.org.objectweb.asm.ClassReader::readUtf (44 bytes)
Event: 876.397 Thread 0x000001f0ffce1c20 

Event: 876.397 Thread 0x000001f0ffce1c20  387       3       java.lang.String::<init> (14 bytes)
Event: 876.398 Thread 0x000001f0ffce1c20 nmethod 387 0x000001f08062ab10 code [0x000001f08062ace0, 0x000001f08062aef8]

GC Heap History (0 events):
No events

Deoptimization events (20 events):
Event: 0.202 Thread 0x000001f0f3ffc990 DEOPT PACKING pc=0x000001f0806175e7 sp=0x000000cf4bef8770
Event: 0.202 Thread 0x000001f0f3ffc990 DEOPT UNPACKING pc=0x000001f08004dece sp=0x000000cf4bef7bd8 mode 0
Event: 0.202 Thread 0x000001f0f3ffc990 DEOPT PACKING pc=0x000001f0806175e7 sp=0x000000cf4bef8770
Event: 0.202 Thread 0x000001f0f3ffc990 DEOPT UNPACKING pc=0x000001f08004dece sp=0x000000cf4bef7bd8 mode 0
Event: 0.204 Thread 0x000001f0f3ffc990 DEOPT PACKING pc=0x000001f0806175e7 sp=0x000000cf4befc1a0
Event: 0.204 Thread 0x000001f0f3ffc990 DEOPT UNPACKING pc=0x000001f08004dece sp=0x000000cf4befb608 mode 0
Event: 0.204 Thread 0x000001f0f3ffc990 DEOPT PACKING pc=0x000001f0806175e7 sp=0x000000cf4befc1a0
Event: 0.204 Thread 0x000001f0f3ffc990 DEOPT UNPACKING pc=0x000001f08004dece sp=0x000000cf4befb608 mode 0
Event: 0.204 Thread 0x000001f0f3ffc990 DEOPT PACKING pc=0x000001f0806175e7 sp=0x000000cf4befc1a0
Event: 0.204 Thread 0x000001f0f3ffc990 DEOPT UNPACKING pc=0x000001f08004dece sp=0x000000cf4befb608 mode 0
Event: 0.205 Thread 0x000001f0f3ffc990 DEOPT PACKING pc=0x000001f0806175e7 sp=0x000000cf4bef86f0
Event: 0.205 Thread 0x000001f0f3ffc990 DEOPT UNPACKING pc=0x000001f08004dece sp=0x000000cf4bef7b58 mode 0
Event: 0.212 Thread 0x000001f0f3ffc990 DEOPT PACKING pc=0x000001f0806175e7 sp=0x000000cf4bef8360
Event: 0.212 Thread 0x000001f0f3ffc990 DEOPT UNPACKING pc=0x000001f08004dece sp=0x000000cf4bef77c8 mode 0
Event: 0.212 Thread 0x000001f0f3ffc990 DEOPT PACKING pc=0x000001f0806175e7 sp=0x000000cf4bef8360
Event: 0.212 Thread 0x000001f0f3ffc990 DEOPT UNPACKING pc=0x000001f08004dece sp=0x000000cf4bef77c8 mode 0
Event: 0.212 Thread 0x000001f0f3ffc990 DEOPT PACKING pc=0x000001f0806175e7 sp=0x000000cf4bef8360
Event: 0.212 Thread 0x000001f0f3ffc990 DEOPT UNPACKING pc=0x000001f08004dece sp=0x000000cf4bef77c8 mode 0
Event: 0.213 Thread 0x000001f0f3ffc990 DEOPT PACKING pc=0x000001f0806175e7 sp=0x000000cf4bef8360
Event: 0.213 Thread 0x000001f0f3ffc990 DEOPT UNPACKING pc=0x000001f08004dece sp=0x000000cf4bef77c8 mode 0

Classes unloaded (0 events):
No events

Classes redefined (2 events):
Event: 768.325 Thread 0x000001f0ffcb3e40 redefined class name=datastracture.string.StringExpand, count=1
Event: 876.396 Thread 0x000001f0ffcb3e40 redefined class name=datastracture.string.StringExpand, count=2

Internal exceptions (2 events):
Event: 0.051 Thread 0x000001f0f3ffc990 Exception <a 'java/lang/NoSuchMethodError'{0x0000000713b175b0}: 'void java.lang.invoke.DirectMethodHandle$Holder.invokeVirtual(java.lang.Object, java.lang.Object)'> (0x0000000713b175b0) 
thrown [t:\workspace\open\src\hotspot\share\interpreter\linkResolver.cpp, line 790]
Event: 0.183 Thread 0x000001f0f3ffc990 Exception <a 'java/lang/NoSuchMethodError'{0x0000000713671d50}: 'java.lang.Object java.lang.invoke.DirectMethodHandle$Holder.invokeStatic(java.lang.Object)'> (0x0000000713671d50) 
thrown [t:\workspace\open\src\hotspot\share\interpreter\linkResolver.cpp, line 790]

Events (20 events):
Event: 866.708 Executing  VM operation: get/set locals done
Event: 866.708 Executing  VM operation: get/set locals
Event: 866.708 Executing  VM operation: get/set locals done
Event: 866.708 Executing  VM operation: get/set locals
Event: 866.708 Executing  VM operation: get/set locals done
Event: 866.711 Executing  VM operation: get/set locals
Event: 866.711 Executing  VM operation: get/set locals done
Event: 866.712 Executing  VM operation: get/set locals
Event: 866.712 Executing  VM operation: get/set locals done
Event: 866.721 Executing  VM operation: get/set locals
Event: 866.721 Executing  VM operation: get/set locals done
Event: 866.722 Executing  VM operation: get/set locals
Event: 866.722 Executing  VM operation: get/set locals done
Event: 876.395 Executing  VM operation: RedefineClasses
Event: 876.397 Executing  VM operation: RedefineClasses done
Event: 876.404 Executing  VM operation: ChangeBreakpoints
Event: 876.404 Executing  VM operation: ChangeBreakpoints done
Event: 876.404 Executing  VM operation: ChangeBreakpoints
Event: 876.404 Executing  VM operation: ChangeBreakpoints done
Event: 880.802 Executing  VM operation: get/set locals


Dynamic libraries:
0x00007ff71c380000 - 0x00007ff71c390000 	C:\Program Files\Java\jdk-16.0.2\bin\javaw.exe
0x00007ffde05b0000 - 0x00007ffde07a5000 	C:\WINDOWS\SYSTEM32\ntdll.dll
0x00007ffddf0c0000 - 0x00007ffddf17d000 	C:\WINDOWS\System32\KERNEL32.DLL
0x00007ffdddee0000 - 0x00007ffdde1a9000 	C:\WINDOWS\System32\KERNELBASE.dll
0x00007ffdde340000 - 0x00007ffdde440000 	C:\WINDOWS\System32\ucrtbase.dll
0x00007ffdbb610000 - 0x00007ffdbb628000 	C:\Program Files\Java\jdk-16.0.2\bin\jli.dll
0x00007ffdd7830000 - 0x00007ffdd7849000 	C:\Program Files\Java\jdk-16.0.2\bin\VCRUNTIME140.dll
0x00007ffdde6d0000 - 0x00007ffdde77c000 	C:\WINDOWS\System32\ADVAPI32.dll
0x00007ffde0430000 - 0x00007ffde04ce000 	C:\WINDOWS\System32\msvcrt.dll
0x00007ffddf480000 - 0x00007ffddf51b000 	C:\WINDOWS\System32\sechost.dll
0x00007ffde0080000 - 0x00007ffde01aa000 	C:\WINDOWS\System32\RPCRT4.dll
0x00007ffde01b0000 - 0x00007ffde0350000 	C:\WINDOWS\System32\USER32.dll
0x00007ffdbcc40000 - 0x00007ffdbceda000 	C:\WINDOWS\WinSxS\amd64_microsoft.windows.common-controls_6595b64144ccf1df_6.0.19041.1110_none_60b5254171f9507e\COMCTL32.dll
0x00007ffdddeb0000 - 0x00007ffddded2000 	C:\WINDOWS\System32\win32u.dll
0x00007ffddf900000 - 0x00007ffddf92a000 	C:\WINDOWS\System32\GDI32.dll
0x00007ffdddcf0000 - 0x00007ffddddfb000 	C:\WINDOWS\System32\gdi32full.dll
0x00007ffdde4d0000 - 0x00007ffdde56d000 	C:\WINDOWS\System32\msvcp_win.dll
0x00007ffdcd770000 - 0x00007ffdcd77a000 	C:\WINDOWS\SYSTEM32\VERSION.dll
0x00007ffde0540000 - 0x00007ffde0570000 	C:\WINDOWS\System32\IMM32.DLL
0x00007ffdd43a0000 - 0x00007ffdd43ac000 	C:\Program Files\Java\jdk-16.0.2\bin\vcruntime140_1.dll
0x00007ffda2f30000 - 0x00007ffda2fc1000 	C:\Program Files\Java\jdk-16.0.2\bin\msvcp140.dll
0x00007ffd98570000 - 0x00007ffd9911b000 	C:\Program Files\Java\jdk-16.0.2\bin\server\jvm.dll
0x00007ffde0530000 - 0x00007ffde0538000 	C:\WINDOWS\System32\PSAPI.DLL
0x00007ffdc09e0000 - 0x00007ffdc09e9000 	C:\WINDOWS\SYSTEM32\WSOCK32.dll
0x00007ffdc7360000 - 0x00007ffdc7387000 	C:\WINDOWS\SYSTEM32\WINMM.dll
0x00007ffddf370000 - 0x00007ffddf3db000 	C:\WINDOWS\System32\WS2_32.dll
0x00007ffddc5b0000 - 0x00007ffddc5c2000 	C:\WINDOWS\SYSTEM32\kernel.appcore.dll
0x00007ffdd29a0000 - 0x00007ffdd29aa000 	C:\Program Files\Java\jdk-16.0.2\bin\jimage.dll
0x00007ffdd8130000 - 0x00007ffdd8314000 	C:\WINDOWS\SYSTEM32\DBGHELP.DLL
0x00007ffdc2f60000 - 0x00007ffdc2f8c000 	C:\WINDOWS\SYSTEM32\dbgcore.DLL
0x00007ffdde440000 - 0x00007ffdde4c3000 	C:\WINDOWS\System32\bcryptPrimitives.dll
0x00007ffda9350000 - 0x00007ffda938b000 	C:\Program Files\Java\jdk-16.0.2\bin\jdwp.dll
0x00007ffdd4410000 - 0x00007ffdd441e000 	C:\Program Files\Java\jdk-16.0.2\bin\instrument.dll
0x00007ffda8900000 - 0x00007ffda8925000 	C:\Program Files\Java\jdk-16.0.2\bin\java.dll
0x00007ffddf940000 - 0x00007ffde007f000 	C:\WINDOWS\System32\SHELL32.dll
0x00007ffdd8470000 - 0x00007ffdd8c01000 	C:\WINDOWS\SYSTEM32\windows.storage.dll
0x00007ffddf5a0000 - 0x00007ffddf8f5000 	C:\WINDOWS\System32\combase.dll
0x00007ffddd690000 - 0x00007ffddd6bc000 	C:\WINDOWS\SYSTEM32\Wldp.dll
0x00007ffdde620000 - 0x00007ffdde6ce000 	C:\WINDOWS\System32\SHCORE.dll
0x00007ffde04d0000 - 0x00007ffde0525000 	C:\WINDOWS\System32\shlwapi.dll
0x00007ffdddc30000 - 0x00007ffdddc4f000 	C:\WINDOWS\SYSTEM32\profapi.dll
0x00007ffdbb5f0000 - 0x00007ffdbb609000 	C:\Program Files\Java\jdk-16.0.2\bin\net.dll
0x00007ffdca750000 - 0x00007ffdca85a000 	C:\WINDOWS\SYSTEM32\WINHTTP.dll
0x00007ffddd3f0000 - 0x00007ffddd45a000 	C:\WINDOWS\system32\mswsock.dll
0x00007ffda88e0000 - 0x00007ffda88f3000 	C:\Program Files\Java\jdk-16.0.2\bin\nio.dll
0x00007ffdd1490000 - 0x00007ffdd149c000 	C:\Program Files\Java\jdk-16.0.2\bin\dt_socket.dll
0x00007ffddd0e0000 - 0x00007ffddd11b000 	C:\WINDOWS\SYSTEM32\IPHLPAPI.DLL
0x00007ffddd120000 - 0x00007ffddd1ec000 	C:\WINDOWS\SYSTEM32\DNSAPI.dll
0x00007ffddf470000 - 0x00007ffddf478000 	C:\WINDOWS\System32\NSI.dll
0x00007ffdca620000 - 0x00007ffdca62a000 	C:\Windows\System32\rasadhlp.dll
0x00007ffdd4a30000 - 0x00007ffdd4aaf000 	C:\WINDOWS\System32\fwpuclnt.dll
0x00007ffdde1b0000 - 0x00007ffdde1d7000 	C:\WINDOWS\System32\bcrypt.dll
0x00007ffda88c0000 - 0x00007ffda88d8000 	C:\Program Files\Java\jdk-16.0.2\bin\zip.dll
0x00007ffdd1780000 - 0x00007ffdd1790000 	C:\Program Files\Java\jdk-16.0.2\bin\verify.dll

dbghelp: loaded successfully - version: 4.0.5 - missing functions: none
symbol engine: initialized successfully - sym options: 0x614 - pdb path: .;C:\Program Files\Java\jdk-16.0.2\bin;C:\WINDOWS\SYSTEM32;C:\WINDOWS\WinSxS\amd64_microsoft.windows.common-controls_6595b64144ccf1df_6.0.19041.1110_none_60b5254171f9507e;C:\Program Files\Java\jdk-16.0.2\bin\server

VM Arguments:
jvm_args: -XX:+ShowCodeDetailsInExceptionMessages -agentlib:jdwp=transport=dt_socket,suspend=y,address=localhost:56594 -javaagent:C:\Users\skonark\eclipse\jee-2021-06\eclipse\configuration\org.eclipse.osgi\415\0\.cp\lib\javaagent-shaded.jar -Dfile.encoding=Cp1252 --module-path=C:\Users\skonark\eclipse-workspace\srini-java\bin -Djdk.module.main=javastudy 
java_command: javastudy/datastracture.string.StringExpand
java_class_path (initial): <not set>
Launcher Type: SUN_STANDARD

[Global flags]
     intx CICompilerCount                          = 4                                         {product} {ergonomic}
     uint ConcGCThreads                            = 2                                         {product} {ergonomic}
     uint G1ConcRefinementThreads                  = 8                                         {product} {ergonomic}
   size_t G1HeapRegionSize                         = 2097152                                   {product} {ergonomic}
    uintx GCDrainStackTargetSize                   = 64                                        {product} {ergonomic}
   size_t InitialHeapSize                          = 266338304                                 {product} {ergonomic}
   size_t MarkStackSize                            = 4194304                                   {product} {ergonomic}
   size_t MaxHeapSize                              = 4229955584                                {product} {ergonomic}
   size_t MaxNewSize                               = 2537553920                                {product} {ergonomic}
   size_t MinHeapDeltaBytes                        = 2097152                                   {product} {ergonomic}
   size_t MinHeapSize                              = 8388608                                   {product} {ergonomic}
    uintx NonNMethodCodeHeapSize                   = 5839372                                {pd product} {ergonomic}
    uintx NonProfiledCodeHeapSize                  = 122909434                              {pd product} {ergonomic}
    uintx ProfiledCodeHeapSize                     = 122909434                              {pd product} {ergonomic}
    uintx ReservedCodeCacheSize                    = 251658240                              {pd product} {ergonomic}
     bool SegmentedCodeCache                       = true                                      {product} {ergonomic}
     bool ShowCodeDetailsInExceptionMessages       = true                                   {manageable} {command line}
   size_t SoftMaxHeapSize                          = 4229955584                             {manageable} {ergonomic}
     bool UseCompressedClassPointers               = true                           {product lp64_product} {ergonomic}
     bool UseCompressedOops                        = true                           {product lp64_product} {ergonomic}
     bool UseG1GC                                  = true                                      {product} {ergonomic}
     bool UseLargePagesIndividualAllocation        = false                                  {pd product} {ergonomic}

Logging:
Log output configuration:
 #0: stdout all=warning uptime,level,tags
 #1: stderr all=off uptime,level,tags

Environment Variables:
JAVA_HOME=C:\Program Files\Java\jdk-11.0.7
PATH=C:\Program Files\Common Files\Oracle\Java\javapath;C:\Program Files (x86)\Common Files\Oracle\Java\javapath;C:\Python37\Scripts\;C:\Python37\;C:\WINDOWS\system32;C:\WINDOWS;C:\WINDOWS\System32\Wbem;C:\WINDOWS\System32\WindowsPowerShell\v1.0\;C:\WINDOWS\System32\OpenSSH\;C:\Program Files\PuTTY\;C:\Program Files\Git\cmd;C:\ProgramData\chocolatey\bin;C:\local\software\allure-2.7.0\bin;C:\Program Files\TortoiseGit\bin;C:\Program Files\Intel\WiFi\bin\;C:\Program Files\Common Files\Intel\WirelessCommon\;C:\Program Files\Amazon\AWSCLIV2\;C:\Program Files\nodejs\;C:\Python37\Scripts\;C:\Python37\;C:\Users\skonark\AppData\Local\Microsoft\WindowsApps;C:\Users\skonark\AppData\Local\Programs\Microsoft VS Code\bin;C:\Users\skonark\AppData\Local\GitHubDesktop\bin;C:\Users\skonark\AppData\Local\Microsoft\WindowsApps;C:\Users\skonark\AppData\Local\Box\Box Edit\;C:\Users\skonark\AppData\Roaming\npm;C:\tools\gradle-7.1.1-all\gradle-7.1.1\bin;
USERNAME=skonark
OS=Windows_NT
PROCESSOR_IDENTIFIER=Intel64 Family 6 Model 142 Stepping 12, GenuineIntel



---------------  S Y S T E M  ---------------

OS:
 Windows 10 , 64 bit Build 19041 (10.0.19041.1023)
OS uptime: 1 days 21:22 hours

CPU: total 8 (initial active 8) (4 cores per cpu, 2 threads per core) family 6 model 142 stepping 12 microcode 0xde, cx8, cmov, fxsr, ht, mmx, 3dnowpref, sse, sse2, sse3, ssse3, sse4.1, sse4.2, popcnt, lzcnt, tsc, tscinvbit, avx, avx2, aes, erms, clmul, bmi1, bmi2, adx, fma, vzeroupper, clflush, clflushopt

Memory: 4k page, system-wide physical 16133M (6380M free)
TotalPageFile size 32517M (AvailPageFile size 18454M)
current process WorkingSet (physical memory assigned to process): 42M, peak: 44M
current process commit charge ("private bytes"): 344M, peak: 346M

vm_info: Java HotSpot(TM) 64-Bit Server VM (16.0.2+7-67) for windows-amd64 JRE (16.0.2+7-67), built on Jun  8 2021 23:24:19 by "mach5one" with MS VC++ 16.7 (VS2019)

END.
